Started GET "/" for ::1 at 2023-03-07 23:40:37 +0900
Processing by Rails::WelcomeController#index as HTML
  Rendering C:/Ruby30-x64/lib/ruby/gems/3.0.0/gems/railties-7.0.4.2/lib/rails/templates/rails/welcome/index.html.erb
  Rendered C:/Ruby30-x64/lib/ruby/gems/3.0.0/gems/railties-7.0.4.2/lib/rails/templates/rails/welcome/index.html.erb (Duration: 6.6ms | Allocations: 956)
Completed 200 OK in 71ms (Views: 27.0ms | ActiveRecord: 0.0ms | Allocations: 8269)


Started GET "/" for ::1 at 2023-03-07 23:42:08 +0900
Processing by Rails::WelcomeController#index as HTML
  Rendering C:/Ruby30-x64/lib/ruby/gems/3.0.0/gems/railties-7.0.4.2/lib/rails/templates/rails/welcome/index.html.erb
  Rendered C:/Ruby30-x64/lib/ruby/gems/3.0.0/gems/railties-7.0.4.2/lib/rails/templates/rails/welcome/index.html.erb (Duration: 1.7ms | Allocations: 487)
Completed 200 OK in 14ms (Views: 9.2ms | ActiveRecord: 0.0ms | Allocations: 1488)


Started GET "/" for ::1 at 2023-03-07 23:53:44 +0900
Processing by Rails::WelcomeController#index as HTML
  Rendering C:/Ruby30-x64/lib/ruby/gems/3.0.0/gems/railties-7.0.4.2/lib/rails/templates/rails/welcome/index.html.erb
  Rendered C:/Ruby30-x64/lib/ruby/gems/3.0.0/gems/railties-7.0.4.2/lib/rails/templates/rails/welcome/index.html.erb (Duration: 1.4ms | Allocations: 830)
Completed 200 OK in 19ms (Views: 4.9ms | ActiveRecord: 0.0ms | Allocations: 6754)


Started GET "/" for ::1 at 2023-03-07 23:56:40 +0900
Processing by Rails::WelcomeController#index as HTML
  Rendering C:/Ruby30-x64/lib/ruby/gems/3.0.0/gems/railties-7.0.4.2/lib/rails/templates/rails/welcome/index.html.erb
  Rendered C:/Ruby30-x64/lib/ruby/gems/3.0.0/gems/railties-7.0.4.2/lib/rails/templates/rails/welcome/index.html.erb (Duration: 3.8ms | Allocations: 830)
Completed 200 OK in 35ms (Views: 16.5ms | ActiveRecord: 0.0ms | Allocations: 6769)


Started GET "/" for ::1 at 2023-03-07 23:57:30 +0900
Processing by Rails::WelcomeController#index as HTML
  Rendering C:/Ruby30-x64/lib/ruby/gems/3.0.0/gems/railties-7.0.4.2/lib/rails/templates/rails/welcome/index.html.erb
  Rendered C:/Ruby30-x64/lib/ruby/gems/3.0.0/gems/railties-7.0.4.2/lib/rails/templates/rails/welcome/index.html.erb (Duration: 1.9ms | Allocations: 487)
Completed 200 OK in 7ms (Views: 4.5ms | ActiveRecord: 0.0ms | Allocations: 1489)


Started GET "/" for ::1 at 2023-03-07 23:57:33 +0900
Processing by Rails::WelcomeController#index as HTML
  Rendering C:/Ruby30-x64/lib/ruby/gems/3.0.0/gems/railties-7.0.4.2/lib/rails/templates/rails/welcome/index.html.erb
  Rendered C:/Ruby30-x64/lib/ruby/gems/3.0.0/gems/railties-7.0.4.2/lib/rails/templates/rails/welcome/index.html.erb (Duration: 0.1ms | Allocations: 16)
Completed 200 OK in 4ms (Views: 1.5ms | ActiveRecord: 0.0ms | Allocations: 317)


Started GET "/" for ::1 at 2023-03-07 23:58:47 +0900
Processing by Rails::WelcomeController#index as HTML
  Rendering C:/Ruby30-x64/lib/ruby/gems/3.0.0/gems/railties-7.0.4.2/lib/rails/templates/rails/welcome/index.html.erb
  Rendered C:/Ruby30-x64/lib/ruby/gems/3.0.0/gems/railties-7.0.4.2/lib/rails/templates/rails/welcome/index.html.erb (Duration: 0.1ms | Allocations: 23)
Completed 200 OK in 6ms (Views: 1.9ms | Allocations: 357)


Started GET "/home/top" for ::1 at 2023-03-07 23:58:59 +0900
Processing by HomeController#top as HTML
  Rendering layout layouts/application.html.erb
  Rendering home/top.html.erb within layouts/application
  Rendered home/top.html.erb within layouts/application (Duration: 1.6ms | Allocations: 138)
  Rendered layout layouts/application.html.erb (Duration: 819.6ms | Allocations: 103990)
Completed 200 OK in 834ms (Views: 829.0ms | Allocations: 105219)


Started GET "/" for ::1 at 2023-03-07 23:59:33 +0900
  
ArgumentError ('/home/top' is not a supported controller name. This can lead to potential routing problems. See https://guides.rubyonrails.org/routing.html#specifying-a-controller-to-use):
  
config/routes.rb:2:in `block in <main>'
config/routes.rb:1:in `<main>'
Started GET "/" for ::1 at 2023-03-08 00:00:15 +0900
Processing by HomeController#top as HTML
  Rendering layout layouts/application.html.erb
  Rendering home/top.html.erb within layouts/application
  Rendered home/top.html.erb within layouts/application (Duration: 0.1ms | Allocations: 12)
  Rendered layout layouts/application.html.erb (Duration: 55.8ms | Allocations: 14413)
Completed 200 OK in 64ms (Views: 58.9ms | Allocations: 15289)


Started GET "/" for ::1 at 2023-03-08 00:05:09 +0900
Processing by HomeController#top as HTML
  Rendering layout layouts/application.html.erb
  Rendering home/top.html.erb within layouts/application
  Rendered home/top.html.erb within layouts/application (Duration: 0.8ms | Allocations: 138)
  Rendered layout layouts/application.html.erb (Duration: 39.6ms | Allocations: 5812)
Completed 200 OK in 50ms (Views: 46.9ms | Allocations: 6973)


Started GET "/" for ::1 at 2023-03-08 00:05:36 +0900
Processing by HomeController#top as HTML
  Rendering layout layouts/application.html.erb
  Rendering home/top.html.erb within layouts/application
  Rendered home/top.html.erb within layouts/application (Duration: 0.7ms | Allocations: 142)
  Rendered layout layouts/application.html.erb (Duration: 7.8ms | Allocations: 3122)
Completed 200 OK in 19ms (Views: 15.5ms | Allocations: 4263)


Started GET "/" for ::1 at 2023-03-08 00:06:08 +0900
Processing by HomeController#top as HTML
  Rendering layout layouts/application.html.erb
  Rendering home/top.html.erb within layouts/application
  Rendered home/top.html.erb within layouts/application (Duration: 0.1ms | Allocations: 7)
  Rendered layout layouts/application.html.erb (Duration: 51.8ms | Allocations: 4676)
Completed 200 OK in 58ms (Views: 54.1ms | Allocations: 5026)


Started GET "/" for ::1 at 2023-03-08 00:06:30 +0900
Processing by HomeController#top as HTML
  Rendering layout layouts/application.html.erb
  Rendering home/top.html.erb within layouts/application
  Rendered home/top.html.erb within layouts/application (Duration: 0.1ms | Allocations: 7)
  Rendered layout layouts/application.html.erb (Duration: 50.8ms | Allocations: 4627)
Completed 200 OK in 55ms (Views: 52.1ms | Allocations: 4961)


